Analysis & Synthesis report for FrequencyDetector
Thu Nov 16 12:13:21 2023
Quartus Prime Version 20.1.1 Build 720 11/11/2020 SJ Lite Edition


---------------------
; Table of Contents ;
---------------------
  1. Legal Notice
  2. Analysis & Synthesis Summary
  3. Analysis & Synthesis Settings
  4. Parallel Compilation
  5. Analysis & Synthesis Source Files Read
  6. Analysis & Synthesis Resource Usage Summary
  7. Analysis & Synthesis Resource Utilization by Entity
  8. Registers Removed During Synthesis
  9. Removed Registers Triggering Further Register Optimizations
 10. General Register Statistics
 11. Parameter Settings for Inferred Entity Instance: lpm_divide:Mod1
 12. Parameter Settings for Inferred Entity Instance: lpm_divide:Div2
 13. Parameter Settings for Inferred Entity Instance: lpm_divide:Mod0
 14. Parameter Settings for Inferred Entity Instance: lpm_divide:Div1
 15. Parameter Settings for Inferred Entity Instance: lpm_divide:Div0
 16. Post-Synthesis Netlist Statistics for Top Partition
 17. Elapsed Time Per Partition
 18. Analysis & Synthesis Messages



----------------
; Legal Notice ;
----------------
Copyright (C) 2020  Intel Corporation. All rights reserved.
Your use of Intel Corporation's design tools, logic functions 
and other software and tools, and any partner logic 
functions, and any output files from any of the foregoing 
(including device programming or simulation files), and any 
associated documentation or information are expressly subject 
to the terms and conditions of the Intel Program License 
Subscription Agreement, the Intel Quartus Prime License Agreement,
the Intel FPGA IP License Agreement, or other applicable license
agreement, including, without limitation, that your use is for
the sole purpose of programming logic devices manufactured by
Intel and sold by Intel or its authorized distributors.  Please
refer to the applicable agreement for further details, at
https://fpgasoftware.intel.com/eula.



+----------------------------------------------------------------------------------+
; Analysis & Synthesis Summary                                                     ;
+------------------------------------+---------------------------------------------+
; Analysis & Synthesis Status        ; Successful - Thu Nov 16 12:13:21 2023       ;
; Quartus Prime Version              ; 20.1.1 Build 720 11/11/2020 SJ Lite Edition ;
; Revision Name                      ; FrequencyDetector                           ;
; Top-level Entity Name              ; FrequencyDetector                           ;
; Family                             ; MAX 10                                      ;
; Total logic elements               ; 0                                           ;
;     Total combinational functions  ; 0                                           ;
;     Dedicated logic registers      ; 0                                           ;
; Total registers                    ; 0                                           ;
; Total pins                         ; 67                                          ;
; Total virtual pins                 ; 0                                           ;
; Total memory bits                  ; 0                                           ;
; Embedded Multiplier 9-bit elements ; 0                                           ;
; Total PLLs                         ; 0                                           ;
; UFM blocks                         ; 0                                           ;
; ADC blocks                         ; 0                                           ;
+------------------------------------+---------------------------------------------+


+------------------------------------------------------------------------------------------------------------+
; Analysis & Synthesis Settings                                                                              ;
+------------------------------------------------------------------+--------------------+--------------------+
; Option                                                           ; Setting            ; Default Value      ;
+------------------------------------------------------------------+--------------------+--------------------+
; Device                                                           ; 10M50DAF484C7G     ;                    ;
; Top-level entity name                                            ; FrequencyDetector  ; FrequencyDetector  ;
; Family name                                                      ; MAX 10             ; Cyclone V          ;
; Use smart compilation                                            ; Off                ; Off                ;
; Enable parallel Assembler and Timing Analyzer during compilation ; On                 ; On                 ;
; Enable compact report table                                      ; Off                ; Off                ;
; Restructure Multiplexers                                         ; Auto               ; Auto               ;
; Create Debugging Nodes for IP Cores                              ; Off                ; Off                ;
; Preserve fewer node names                                        ; On                 ; On                 ;
; Intel FPGA IP Evaluation Mode                                    ; Enable             ; Enable             ;
; Verilog Version                                                  ; Verilog_2001       ; Verilog_2001       ;
; VHDL Version                                                     ; VHDL_1993          ; VHDL_1993          ;
; State Machine Processing                                         ; Auto               ; Auto               ;
; Safe State Machine                                               ; Off                ; Off                ;
; Extract Verilog State Machines                                   ; On                 ; On                 ;
; Extract VHDL State Machines                                      ; On                 ; On                 ;
; Ignore Verilog initial constructs                                ; Off                ; Off                ;
; Iteration limit for constant Verilog loops                       ; 5000               ; 5000               ;
; Iteration limit for non-constant Verilog loops                   ; 250                ; 250                ;
; Add Pass-Through Logic to Inferred RAMs                          ; On                 ; On                 ;
; Infer RAMs from Raw Logic                                        ; On                 ; On                 ;
; Parallel Synthesis                                               ; On                 ; On                 ;
; DSP Block Balancing                                              ; Auto               ; Auto               ;
; NOT Gate Push-Back                                               ; On                 ; On                 ;
; Power-Up Don't Care                                              ; On                 ; On                 ;
; Remove Redundant Logic Cells                                     ; Off                ; Off                ;
; Remove Duplicate Registers                                       ; On                 ; On                 ;
; Ignore CARRY Buffers                                             ; Off                ; Off                ;
; Ignore CASCADE Buffers                                           ; Off                ; Off                ;
; Ignore GLOBAL Buffers                                            ; Off                ; Off                ;
; Ignore ROW GLOBAL Buffers                                        ; Off                ; Off                ;
; Ignore LCELL Buffers                                             ; Off                ; Off                ;
; Ignore SOFT Buffers                                              ; On                 ; On                 ;
; Limit AHDL Integers to 32 Bits                                   ; Off                ; Off                ;
; Optimization Technique                                           ; Balanced           ; Balanced           ;
; Carry Chain Length                                               ; 70                 ; 70                 ;
; Auto Carry Chains                                                ; On                 ; On                 ;
; Auto Open-Drain Pins                                             ; On                 ; On                 ;
; Perform WYSIWYG Primitive Resynthesis                            ; Off                ; Off                ;
; Auto ROM Replacement                                             ; On                 ; On                 ;
; Auto RAM Replacement                                             ; On                 ; On                 ;
; Auto DSP Block Replacement                                       ; On                 ; On                 ;
; Auto Shift Register Replacement                                  ; Auto               ; Auto               ;
; Allow Shift Register Merging across Hierarchies                  ; Auto               ; Auto               ;
; Auto Clock Enable Replacement                                    ; On                 ; On                 ;
; Strict RAM Replacement                                           ; Off                ; Off                ;
; Allow Synchronous Control Signals                                ; On                 ; On                 ;
; Force Use of Synchronous Clear Signals                           ; Off                ; Off                ;
; Auto RAM Block Balancing                                         ; On                 ; On                 ;
; Auto RAM to Logic Cell Conversion                                ; Off                ; Off                ;
; Auto Resource Sharing                                            ; Off                ; Off                ;
; Allow Any RAM Size For Recognition                               ; Off                ; Off                ;
; Allow Any ROM Size For Recognition                               ; Off                ; Off                ;
; Allow Any Shift Register Size For Recognition                    ; Off                ; Off                ;
; Use LogicLock Constraints during Resource Balancing              ; On                 ; On                 ;
; Ignore translate_off and synthesis_off directives                ; Off                ; Off                ;
; Timing-Driven Synthesis                                          ; On                 ; On                 ;
; Report Parameter Settings                                        ; On                 ; On                 ;
; Report Source Assignments                                        ; On                 ; On                 ;
; Report Connectivity Checks                                       ; On                 ; On                 ;
; Ignore Maximum Fan-Out Assignments                               ; Off                ; Off                ;
; Synchronization Register Chain Length                            ; 2                  ; 2                  ;
; Power Optimization During Synthesis                              ; Normal compilation ; Normal compilation ;
; HDL message level                                                ; Level2             ; Level2             ;
; Suppress Register Optimization Related Messages                  ; Off                ; Off                ;
; Number of Removed Registers Reported in Synthesis Report         ; 5000               ; 5000               ;
; Number of Swept Nodes Reported in Synthesis Report               ; 5000               ; 5000               ;
; Number of Inverted Registers Reported in Synthesis Report        ; 100                ; 100                ;
; Clock MUX Protection                                             ; On                 ; On                 ;
; Auto Gated Clock Conversion                                      ; Off                ; Off                ;
; Block Design Naming                                              ; Auto               ; Auto               ;
; SDC constraint protection                                        ; Off                ; Off                ;
; Synthesis Effort                                                 ; Auto               ; Auto               ;
; Shift Register Replacement - Allow Asynchronous Clear Signal     ; On                 ; On                 ;
; Pre-Mapping Resynthesis Optimization                             ; Off                ; Off                ;
; Analysis & Synthesis Message Level                               ; Medium             ; Medium             ;
; Disable Register Merging Across Hierarchies                      ; Auto               ; Auto               ;
; Resource Aware Inference For Block RAM                           ; On                 ; On                 ;
+------------------------------------------------------------------+--------------------+--------------------+


+------------------------------------------+
; Parallel Compilation                     ;
+----------------------------+-------------+
; Processors                 ; Number      ;
+----------------------------+-------------+
; Number detected on machine ; 16          ;
; Maximum allowed            ; 12          ;
;                            ;             ;
; Average used               ; 1.00        ;
; Maximum used               ; 1           ;
;                            ;             ;
; Usage by Processor         ; % Time Used ;
;     Processor 1            ; 100.0%      ;
+----------------------------+-------------+


+-----------------------------------------------------------------------------------------------------------------------------------------------------------------------------------------------+
; Analysis & Synthesis Source Files Read                                                                                                                                                        ;
+----------------------------------+-----------------+------------------------------+-------------------------------------------------------------------------------------------------+---------+
; File Name with User-Entered Path ; Used in Netlist ; File Type                    ; File Name with Absolute Path                                                                    ; Library ;
+----------------------------------+-----------------+------------------------------+-------------------------------------------------------------------------------------------------+---------+
; FrequencyDetector.v              ; yes             ; User Verilog HDL File        ; C:/Users/ryank/OneDrive/Documents/School/ECE215/ECE215_Final_Project/FrequencyDetector.v        ;         ;
; lpm_divide.tdf                   ; yes             ; Megafunction                 ; c:/intelfpga_lite/20.1/quartus/libraries/megafunctions/lpm_divide.tdf                           ;         ;
; abs_divider.inc                  ; yes             ; Megafunction                 ; c:/intelfpga_lite/20.1/quartus/libraries/megafunctions/abs_divider.inc                          ;         ;
; sign_div_unsign.inc              ; yes             ; Megafunction                 ; c:/intelfpga_lite/20.1/quartus/libraries/megafunctions/sign_div_unsign.inc                      ;         ;
; aglobal201.inc                   ; yes             ; Megafunction                 ; c:/intelfpga_lite/20.1/quartus/libraries/megafunctions/aglobal201.inc                           ;         ;
; db/lpm_divide_oll.tdf            ; yes             ; Auto-Generated Megafunction  ; C:/Users/ryank/OneDrive/Documents/School/ECE215/ECE215_Final_Project/db/lpm_divide_oll.tdf      ;         ;
; db/sign_div_unsign_nlh.tdf       ; yes             ; Auto-Generated Megafunction  ; C:/Users/ryank/OneDrive/Documents/School/ECE215/ECE215_Final_Project/db/sign_div_unsign_nlh.tdf ;         ;
; db/alt_u_div_ohe.tdf             ; yes             ; Auto-Generated Megafunction  ; C:/Users/ryank/OneDrive/Documents/School/ECE215/ECE215_Final_Project/db/alt_u_div_ohe.tdf       ;         ;
; db/add_sub_t3c.tdf               ; yes             ; Auto-Generated Megafunction  ; C:/Users/ryank/OneDrive/Documents/School/ECE215/ECE215_Final_Project/db/add_sub_t3c.tdf         ;         ;
; db/add_sub_u3c.tdf               ; yes             ; Auto-Generated Megafunction  ; C:/Users/ryank/OneDrive/Documents/School/ECE215/ECE215_Final_Project/db/add_sub_u3c.tdf         ;         ;
; db/lpm_divide_itl.tdf            ; yes             ; Auto-Generated Megafunction  ; C:/Users/ryank/OneDrive/Documents/School/ECE215/ECE215_Final_Project/db/lpm_divide_itl.tdf      ;         ;
; db/sign_div_unsign_klh.tdf       ; yes             ; Auto-Generated Megafunction  ; C:/Users/ryank/OneDrive/Documents/School/ECE215/ECE215_Final_Project/db/sign_div_unsign_klh.tdf ;         ;
; db/alt_u_div_ihe.tdf             ; yes             ; Auto-Generated Megafunction  ; C:/Users/ryank/OneDrive/Documents/School/ECE215/ECE215_Final_Project/db/alt_u_div_ihe.tdf       ;         ;
; db/lpm_divide_lll.tdf            ; yes             ; Auto-Generated Megafunction  ; C:/Users/ryank/OneDrive/Documents/School/ECE215/ECE215_Final_Project/db/lpm_divide_lll.tdf      ;         ;
; db/lpm_divide_ltl.tdf            ; yes             ; Auto-Generated Megafunction  ; C:/Users/ryank/OneDrive/Documents/School/ECE215/ECE215_Final_Project/db/lpm_divide_ltl.tdf      ;         ;
; db/lpm_divide_vul.tdf            ; yes             ; Auto-Generated Megafunction  ; C:/Users/ryank/OneDrive/Documents/School/ECE215/ECE215_Final_Project/db/lpm_divide_vul.tdf      ;         ;
; db/sign_div_unsign_1nh.tdf       ; yes             ; Auto-Generated Megafunction  ; C:/Users/ryank/OneDrive/Documents/School/ECE215/ECE215_Final_Project/db/sign_div_unsign_1nh.tdf ;         ;
; db/alt_u_div_cke.tdf             ; yes             ; Auto-Generated Megafunction  ; C:/Users/ryank/OneDrive/Documents/School/ECE215/ECE215_Final_Project/db/alt_u_div_cke.tdf       ;         ;
+----------------------------------+-----------------+------------------------------+-------------------------------------------------------------------------------------------------+---------+


+------------------------------------------------------+
; Analysis & Synthesis Resource Usage Summary          ;
+---------------------------------------------+--------+
; Resource                                    ; Usage  ;
+---------------------------------------------+--------+
;                                             ;        ;
; Total combinational functions               ; 0      ;
; Logic element usage by number of LUT inputs ;        ;
;     -- 4 input functions                    ; 0      ;
;     -- 3 input functions                    ; 0      ;
;     -- <=2 input functions                  ; 0      ;
;                                             ;        ;
; Logic elements by mode                      ;        ;
;     -- normal mode                          ; 0      ;
;     -- arithmetic mode                      ; 0      ;
;                                             ;        ;
; Total registers                             ; 0      ;
;     -- Dedicated logic registers            ; 0      ;
;     -- I/O registers                        ; 0      ;
;                                             ;        ;
; I/O pins                                    ; 67     ;
;                                             ;        ;
; Embedded Multiplier 9-bit elements          ; 0      ;
;                                             ;        ;
; Maximum fan-out node                        ; KEY[0] ;
; Maximum fan-out                             ; 1      ;
; Total fan-out                               ; 67     ;
; Average fan-out                             ; 0.50   ;
+---------------------------------------------+--------+


+------------------------------------------------------------------------------------------------------------------------------------------------------------------------------------------------------------------------------------------+
; Analysis & Synthesis Resource Utilization by Entity                                                                                                                                                                                      ;
+----------------------------+---------------------+---------------------------+-------------+------------+--------------+---------+-----------+------+--------------+------------+---------------------+-------------------+--------------+
; Compilation Hierarchy Node ; Combinational ALUTs ; Dedicated Logic Registers ; Memory Bits ; UFM Blocks ; DSP Elements ; DSP 9x9 ; DSP 18x18 ; Pins ; Virtual Pins ; ADC blocks ; Full Hierarchy Name ; Entity Name       ; Library Name ;
+----------------------------+---------------------+---------------------------+-------------+------------+--------------+---------+-----------+------+--------------+------------+---------------------+-------------------+--------------+
; |FrequencyDetector         ; 0 (0)               ; 0 (0)                     ; 0           ; 0          ; 0            ; 0       ; 0         ; 67   ; 0            ; 0          ; |FrequencyDetector  ; FrequencyDetector ; work         ;
+----------------------------+---------------------+---------------------------+-------------+------------+--------------+---------+-----------+------+--------------+------------+---------------------+-------------------+--------------+
Note: For table entries with two numbers listed, the numbers in parentheses indicate the number of resources of the given type used by the specific entity alone. The numbers listed outside of parentheses indicate the total resources of the given type used by the specific entity and all of its sub-entities in the hierarchy.


+---------------------------------------------------------------------------------+
; Registers Removed During Synthesis                                              ;
+----------------------------------------+----------------------------------------+
; Register name                          ; Reason for Removal                     ;
+----------------------------------------+----------------------------------------+
; LEDR[9]~reg0                           ; Stuck at GND due to stuck port data_in ;
; LEDR[0]~reg0                           ; Stuck at VCC due to stuck port data_in ;
; output_frequency[1..9]                 ; Stuck at GND due to stuck port data_in ;
; LEDR[8]~reg0                           ; Stuck at GND due to stuck port data_in ;
; digit0[3]                              ; Stuck at GND due to stuck port data_in ;
; output_frequency[0]                    ; Stuck at GND due to stuck port data_in ;
; digit0[1,2]                            ; Stuck at GND due to stuck port data_in ;
; digit2[0]                              ; Stuck at GND due to stuck port data_in ;
; digit0[0]                              ; Stuck at GND due to stuck port data_in ;
; digit2[1..3]                           ; Stuck at GND due to stuck port data_in ;
; digit1[0..3]                           ; Stuck at GND due to stuck port data_in ;
; Total Number of Removed Registers = 25 ;                                        ;
+----------------------------------------+----------------------------------------+


+----------------------------------------------------------------------------------------------------------------------+
; Removed Registers Triggering Further Register Optimizations                                                          ;
+---------------------+---------------------------+--------------------------------------------------------------------+
; Register name       ; Reason for Removal        ; Registers Removed due to This Register                             ;
+---------------------+---------------------------+--------------------------------------------------------------------+
; output_frequency[9] ; Stuck at GND              ; LEDR[8]~reg0, output_frequency[0], digit0[2], digit0[1], digit0[0] ;
;                     ; due to stuck port data_in ;                                                                    ;
; output_frequency[7] ; Stuck at GND              ; digit2[0], digit2[1], digit2[2], digit2[3]                         ;
;                     ; due to stuck port data_in ;                                                                    ;
; output_frequency[3] ; Stuck at GND              ; digit1[0]                                                          ;
;                     ; due to stuck port data_in ;                                                                    ;
+---------------------+---------------------------+--------------------------------------------------------------------+


+------------------------------------------------------+
; General Register Statistics                          ;
+----------------------------------------------+-------+
; Statistic                                    ; Value ;
+----------------------------------------------+-------+
; Total registers                              ; 0     ;
; Number of registers using Synchronous Clear  ; 0     ;
; Number of registers using Synchronous Load   ; 0     ;
; Number of registers using Asynchronous Clear ; 0     ;
; Number of registers using Asynchronous Load  ; 0     ;
; Number of registers using Clock Enable       ; 0     ;
; Number of registers using Preset             ; 0     ;
+----------------------------------------------+-------+


+------------------------------------------------------------------+
; Parameter Settings for Inferred Entity Instance: lpm_divide:Mod1 ;
+------------------------+----------------+------------------------+
; Parameter Name         ; Value          ; Type                   ;
+------------------------+----------------+------------------------+
; LPM_WIDTHN             ; 10             ; Untyped                ;
; LPM_WIDTHD             ; 7              ; Untyped                ;
; LPM_NREPRESENTATION    ; UNSIGNED       ; Untyped                ;
; LPM_DREPRESENTATION    ; UNSIGNED       ; Untyped                ;
; LPM_PIPELINE           ; 0              ; Untyped                ;
; LPM_REMAINDERPOSITIVE  ; TRUE           ; Untyped                ;
; MAXIMIZE_SPEED         ; 5              ; Untyped                ;
; CBXI_PARAMETER         ; lpm_divide_oll ; Untyped                ;
; CARRY_CHAIN            ; MANUAL         ; Untyped                ;
; OPTIMIZE_FOR_SPEED     ; 5              ; Untyped                ;
; AUTO_CARRY_CHAINS      ; ON             ; AUTO_CARRY             ;
; IGNORE_CARRY_BUFFERS   ; OFF            ; IGNORE_CARRY           ;
; AUTO_CASCADE_CHAINS    ; ON             ; AUTO_CASCADE           ;
; IGNORE_CASCADE_BUFFERS ; OFF            ; IGNORE_CASCADE         ;
+------------------------+----------------+------------------------+
Note: In order to hide this table in the UI and the text report file, please set the "Show Parameter Settings in Synthesis Report" option in "Analysis and Synthesis Settings -> More Settings" to "Off".


+------------------------------------------------------------------+
; Parameter Settings for Inferred Entity Instance: lpm_divide:Div2 ;
+------------------------+----------------+------------------------+
; Parameter Name         ; Value          ; Type                   ;
+------------------------+----------------+------------------------+
; LPM_WIDTHN             ; 10             ; Untyped                ;
; LPM_WIDTHD             ; 4              ; Untyped                ;
; LPM_NREPRESENTATION    ; UNSIGNED       ; Untyped                ;
; LPM_DREPRESENTATION    ; UNSIGNED       ; Untyped                ;
; LPM_PIPELINE           ; 0              ; Untyped                ;
; LPM_REMAINDERPOSITIVE  ; TRUE           ; Untyped                ;
; MAXIMIZE_SPEED         ; 5              ; Untyped                ;
; CBXI_PARAMETER         ; lpm_divide_itl ; Untyped                ;
; CARRY_CHAIN            ; MANUAL         ; Untyped                ;
; OPTIMIZE_FOR_SPEED     ; 5              ; Untyped                ;
; AUTO_CARRY_CHAINS      ; ON             ; AUTO_CARRY             ;
; IGNORE_CARRY_BUFFERS   ; OFF            ; IGNORE_CARRY           ;
; AUTO_CASCADE_CHAINS    ; ON             ; AUTO_CASCADE           ;
; IGNORE_CASCADE_BUFFERS ; OFF            ; IGNORE_CASCADE         ;
+------------------------+----------------+------------------------+
Note: In order to hide this table in the UI and the text report file, please set the "Show Parameter Settings in Synthesis Report" option in "Analysis and Synthesis Settings -> More Settings" to "Off".


+------------------------------------------------------------------+
; Parameter Settings for Inferred Entity Instance: lpm_divide:Mod0 ;
+------------------------+----------------+------------------------+
; Parameter Name         ; Value          ; Type                   ;
+------------------------+----------------+------------------------+
; LPM_WIDTHN             ; 10             ; Untyped                ;
; LPM_WIDTHD             ; 4              ; Untyped                ;
; LPM_NREPRESENTATION    ; UNSIGNED       ; Untyped                ;
; LPM_DREPRESENTATION    ; UNSIGNED       ; Untyped                ;
; LPM_PIPELINE           ; 0              ; Untyped                ;
; LPM_REMAINDERPOSITIVE  ; TRUE           ; Untyped                ;
; MAXIMIZE_SPEED         ; 5              ; Untyped                ;
; CBXI_PARAMETER         ; lpm_divide_lll ; Untyped                ;
; CARRY_CHAIN            ; MANUAL         ; Untyped                ;
; OPTIMIZE_FOR_SPEED     ; 5              ; Untyped                ;
; AUTO_CARRY_CHAINS      ; ON             ; AUTO_CARRY             ;
; IGNORE_CARRY_BUFFERS   ; OFF            ; IGNORE_CARRY           ;
; AUTO_CASCADE_CHAINS    ; ON             ; AUTO_CASCADE           ;
; IGNORE_CASCADE_BUFFERS ; OFF            ; IGNORE_CASCADE         ;
+------------------------+----------------+------------------------+
Note: In order to hide this table in the UI and the text report file, please set the "Show Parameter Settings in Synthesis Report" option in "Analysis and Synthesis Settings -> More Settings" to "Off".


+------------------------------------------------------------------+
; Parameter Settings for Inferred Entity Instance: lpm_divide:Div1 ;
+------------------------+----------------+------------------------+
; Parameter Name         ; Value          ; Type                   ;
+------------------------+----------------+------------------------+
; LPM_WIDTHN             ; 10             ; Untyped                ;
; LPM_WIDTHD             ; 7              ; Untyped                ;
; LPM_NREPRESENTATION    ; UNSIGNED       ; Untyped                ;
; LPM_DREPRESENTATION    ; UNSIGNED       ; Untyped                ;
; LPM_PIPELINE           ; 0              ; Untyped                ;
; LPM_REMAINDERPOSITIVE  ; TRUE           ; Untyped                ;
; MAXIMIZE_SPEED         ; 5              ; Untyped                ;
; CBXI_PARAMETER         ; lpm_divide_ltl ; Untyped                ;
; CARRY_CHAIN            ; MANUAL         ; Untyped                ;
; OPTIMIZE_FOR_SPEED     ; 5              ; Untyped                ;
; AUTO_CARRY_CHAINS      ; ON             ; AUTO_CARRY             ;
; IGNORE_CARRY_BUFFERS   ; OFF            ; IGNORE_CARRY           ;
; AUTO_CASCADE_CHAINS    ; ON             ; AUTO_CASCADE           ;
; IGNORE_CASCADE_BUFFERS ; OFF            ; IGNORE_CASCADE         ;
+------------------------+----------------+------------------------+
Note: In order to hide this table in the UI and the text report file, please set the "Show Parameter Settings in Synthesis Report" option in "Analysis and Synthesis Settings -> More Settings" to "Off".


+------------------------------------------------------------------+
; Parameter Settings for Inferred Entity Instance: lpm_divide:Div0 ;
+------------------------+----------------+------------------------+
; Parameter Name         ; Value          ; Type                   ;
+------------------------+----------------+------------------------+
; LPM_WIDTHN             ; 10             ; Untyped                ;
; LPM_WIDTHD             ; 10             ; Untyped                ;
; LPM_NREPRESENTATION    ; UNSIGNED       ; Untyped                ;
; LPM_DREPRESENTATION    ; UNSIGNED       ; Untyped                ;
; LPM_PIPELINE           ; 0              ; Untyped                ;
; LPM_REMAINDERPOSITIVE  ; TRUE           ; Untyped                ;
; MAXIMIZE_SPEED         ; 5              ; Untyped                ;
; CBXI_PARAMETER         ; lpm_divide_vul ; Untyped                ;
; CARRY_CHAIN            ; MANUAL         ; Untyped                ;
; OPTIMIZE_FOR_SPEED     ; 5              ; Untyped                ;
; AUTO_CARRY_CHAINS      ; ON             ; AUTO_CARRY             ;
; IGNORE_CARRY_BUFFERS   ; OFF            ; IGNORE_CARRY           ;
; AUTO_CASCADE_CHAINS    ; ON             ; AUTO_CASCADE           ;
; IGNORE_CASCADE_BUFFERS ; OFF            ; IGNORE_CASCADE         ;
+------------------------+----------------+------------------------+
Note: In order to hide this table in the UI and the text report file, please set the "Show Parameter Settings in Synthesis Report" option in "Analysis and Synthesis Settings -> More Settings" to "Off".


+-----------------------------------------------------+
; Post-Synthesis Netlist Statistics for Top Partition ;
+-----------------------+-----------------------------+
; Type                  ; Count                       ;
+-----------------------+-----------------------------+
; boundary_port         ; 67                          ;
; cycloneiii_lcell_comb ; 2                           ;
;     normal            ; 2                           ;
;         0 data inputs ; 2                           ;
;                       ;                             ;
; Max LUT depth         ; 0.00                        ;
; Average LUT depth     ; 0.00                        ;
+-----------------------+-----------------------------+


+-------------------------------+
; Elapsed Time Per Partition    ;
+----------------+--------------+
; Partition Name ; Elapsed Time ;
+----------------+--------------+
; Top            ; 00:00:00     ;
+----------------+--------------+


+-------------------------------+
; Analysis & Synthesis Messages ;
+-------------------------------+
Info: *******************************************************************
Info: Running Quartus Prime Analysis & Synthesis
    Info: Version 20.1.1 Build 720 11/11/2020 SJ Lite Edition
    Info: Processing started: Thu Nov 16 12:13:11 2023
Info: Command: quartus_map --read_settings_files=on --write_settings_files=off FrequencyDetector -c FrequencyDetector
Warning (18236): Number of processors has not been specified which may cause overloading on shared machines.  Set the global assignment NUM_PARALLEL_PROCESSORS in your QSF to an appropriate value for best performance.
Info (20030): Parallel compilation is enabled and will use 12 of the 12 processors detected
Info (12021): Found 1 design units, including 1 entities, in source file frequencydetector.v
    Info (12023): Found entity 1: FrequencyDetector File: C:/Users/ryank/OneDrive/Documents/School/ECE215/ECE215_Final_Project/FrequencyDetector.v Line: 1
Info (12127): Elaborating entity "FrequencyDetector" for the top level hierarchy
Warning (10036): Verilog HDL or VHDL warning at FrequencyDetector.v(13): object "num_period_width" assigned a value but never read File: C:/Users/ryank/OneDrive/Documents/School/ECE215/ECE215_Final_Project/FrequencyDetector.v Line: 13
Warning (10230): Verilog HDL assignment warning at FrequencyDetector.v(25): truncated value with size 32 to match size of target (26) File: C:/Users/ryank/OneDrive/Documents/School/ECE215/ECE215_Final_Project/FrequencyDetector.v Line: 25
Warning (10230): Verilog HDL assignment warning at FrequencyDetector.v(26): truncated value with size 32 to match size of target (26) File: C:/Users/ryank/OneDrive/Documents/School/ECE215/ECE215_Final_Project/FrequencyDetector.v Line: 26
Warning (10230): Verilog HDL assignment warning at FrequencyDetector.v(27): truncated value with size 32 to match size of target (26) File: C:/Users/ryank/OneDrive/Documents/School/ECE215/ECE215_Final_Project/FrequencyDetector.v Line: 27
Warning (10230): Verilog HDL assignment warning at FrequencyDetector.v(43): truncated value with size 26 to match size of target (10) File: C:/Users/ryank/OneDrive/Documents/School/ECE215/ECE215_Final_Project/FrequencyDetector.v Line: 43
Warning (10230): Verilog HDL assignment warning at FrequencyDetector.v(48): truncated value with size 26 to match size of target (10) File: C:/Users/ryank/OneDrive/Documents/School/ECE215/ECE215_Final_Project/FrequencyDetector.v Line: 48
Warning (10216): Verilog HDL warning at FrequencyDetector.v(51): expression attempts to divide or modulo by zero. Treated expression value as Don't Care (X) during synthesis. File: C:/Users/ryank/OneDrive/Documents/School/ECE215/ECE215_Final_Project/FrequencyDetector.v Line: 51
Warning (10230): Verilog HDL assignment warning at FrequencyDetector.v(51): truncated value with size 32 to match size of target (10) File: C:/Users/ryank/OneDrive/Documents/School/ECE215/ECE215_Final_Project/FrequencyDetector.v Line: 51
Warning (10230): Verilog HDL assignment warning at FrequencyDetector.v(60): truncated value with size 32 to match size of target (10) File: C:/Users/ryank/OneDrive/Documents/School/ECE215/ECE215_Final_Project/FrequencyDetector.v Line: 60
Warning (10230): Verilog HDL assignment warning at FrequencyDetector.v(67): truncated value with size 32 to match size of target (4) File: C:/Users/ryank/OneDrive/Documents/School/ECE215/ECE215_Final_Project/FrequencyDetector.v Line: 67
Warning (10230): Verilog HDL assignment warning at FrequencyDetector.v(68): truncated value with size 32 to match size of target (4) File: C:/Users/ryank/OneDrive/Documents/School/ECE215/ECE215_Final_Project/FrequencyDetector.v Line: 68
Warning (10230): Verilog HDL assignment warning at FrequencyDetector.v(69): truncated value with size 32 to match size of target (4) File: C:/Users/ryank/OneDrive/Documents/School/ECE215/ECE215_Final_Project/FrequencyDetector.v Line: 69
Warning (10235): Verilog HDL Always Construct warning at FrequencyDetector.v(75): variable "digit2" is read inside the Always Construct but isn't in the Always Construct's Event Control File: C:/Users/ryank/OneDrive/Documents/School/ECE215/ECE215_Final_Project/FrequencyDetector.v Line: 75
Warning (10235): Verilog HDL Always Construct warning at FrequencyDetector.v(99): variable "digit1" is read inside the Always Construct but isn't in the Always Construct's Event Control File: C:/Users/ryank/OneDrive/Documents/School/ECE215/ECE215_Final_Project/FrequencyDetector.v Line: 99
Warning (10235): Verilog HDL Always Construct warning at FrequencyDetector.v(122): variable "digit0" is read inside the Always Construct but isn't in the Always Construct's Event Control File: C:/Users/ryank/OneDrive/Documents/School/ECE215/ECE215_Final_Project/FrequencyDetector.v Line: 122
Warning (10136): Verilog HDL Module Declaration warning at FrequencyDetector.v(1): port "KEY" already exists in the list of ports File: C:/Users/ryank/OneDrive/Documents/School/ECE215/ECE215_Final_Project/FrequencyDetector.v Line: 1
Warning (10034): Output port "HEX3" at FrequencyDetector.v(4) has no driver File: C:/Users/ryank/OneDrive/Documents/School/ECE215/ECE215_Final_Project/FrequencyDetector.v Line: 4
Warning (10034): Output port "HEX4" at FrequencyDetector.v(4) has no driver File: C:/Users/ryank/OneDrive/Documents/School/ECE215/ECE215_Final_Project/FrequencyDetector.v Line: 4
Warning (10034): Output port "HEX5" at FrequencyDetector.v(4) has no driver File: C:/Users/ryank/OneDrive/Documents/School/ECE215/ECE215_Final_Project/FrequencyDetector.v Line: 4
Warning (10034): Output port "LEDR[7..1]" at FrequencyDetector.v(6) has no driver File: C:/Users/ryank/OneDrive/Documents/School/ECE215/ECE215_Final_Project/FrequencyDetector.v Line: 6
Info (278001): Inferred 5 megafunctions from design logic
    Info (278004): Inferred divider/modulo megafunction ("lpm_divide") from the following logic: "Mod1" File: C:/Users/ryank/OneDrive/Documents/School/ECE215/ECE215_Final_Project/FrequencyDetector.v Line: 69
    Info (278004): Inferred divider/modulo megafunction ("lpm_divide") from the following logic: "Div2" File: C:/Users/ryank/OneDrive/Documents/School/ECE215/ECE215_Final_Project/FrequencyDetector.v Line: 68
    Info (278004): Inferred divider/modulo megafunction ("lpm_divide") from the following logic: "Mod0" File: C:/Users/ryank/OneDrive/Documents/School/ECE215/ECE215_Final_Project/FrequencyDetector.v Line: 68
    Info (278004): Inferred divider/modulo megafunction ("lpm_divide") from the following logic: "Div1" File: C:/Users/ryank/OneDrive/Documents/School/ECE215/ECE215_Final_Project/FrequencyDetector.v Line: 67
    Info (278004): Inferred divider/modulo megafunction ("lpm_divide") from the following logic: "Div0" File: C:/Users/ryank/OneDrive/Documents/School/ECE215/ECE215_Final_Project/FrequencyDetector.v Line: 60
Info (12130): Elaborated megafunction instantiation "lpm_divide:Mod1" File: C:/Users/ryank/OneDrive/Documents/School/ECE215/ECE215_Final_Project/FrequencyDetector.v Line: 69
Info (12133): Instantiated megafunction "lpm_divide:Mod1" with the following parameter: File: C:/Users/ryank/OneDrive/Documents/School/ECE215/ECE215_Final_Project/FrequencyDetector.v Line: 69
    Info (12134): Parameter "LPM_WIDTHN" = "10"
    Info (12134): Parameter "LPM_WIDTHD" = "7"
    Info (12134): Parameter "LPM_NREPRESENTATION" = "UNSIGNED"
    Info (12134): Parameter "LPM_DREPRESENTATION" = "UNSIGNED"
Info (12021): Found 1 design units, including 1 entities, in source file db/lpm_divide_oll.tdf
    Info (12023): Found entity 1: lpm_divide_oll File: C:/Users/ryank/OneDrive/Documents/School/ECE215/ECE215_Final_Project/db/lpm_divide_oll.tdf Line: 25
Info (12021): Found 1 design units, including 1 entities, in source file db/sign_div_unsign_nlh.tdf
    Info (12023): Found entity 1: sign_div_unsign_nlh File: C:/Users/ryank/OneDrive/Documents/School/ECE215/ECE215_Final_Project/db/sign_div_unsign_nlh.tdf Line: 25
Info (12021): Found 1 design units, including 1 entities, in source file db/alt_u_div_ohe.tdf
    Info (12023): Found entity 1: alt_u_div_ohe File: C:/Users/ryank/OneDrive/Documents/School/ECE215/ECE215_Final_Project/db/alt_u_div_ohe.tdf Line: 27
Info (12021): Found 1 design units, including 1 entities, in source file db/add_sub_t3c.tdf
    Info (12023): Found entity 1: add_sub_t3c File: C:/Users/ryank/OneDrive/Documents/School/ECE215/ECE215_Final_Project/db/add_sub_t3c.tdf Line: 23
Info (12021): Found 1 design units, including 1 entities, in source file db/add_sub_u3c.tdf
    Info (12023): Found entity 1: add_sub_u3c File: C:/Users/ryank/OneDrive/Documents/School/ECE215/ECE215_Final_Project/db/add_sub_u3c.tdf Line: 23
Info (12130): Elaborated megafunction instantiation "lpm_divide:Div2" File: C:/Users/ryank/OneDrive/Documents/School/ECE215/ECE215_Final_Project/FrequencyDetector.v Line: 68
Info (12133): Instantiated megafunction "lpm_divide:Div2" with the following parameter: File: C:/Users/ryank/OneDrive/Documents/School/ECE215/ECE215_Final_Project/FrequencyDetector.v Line: 68
    Info (12134): Parameter "LPM_WIDTHN" = "10"
    Info (12134): Parameter "LPM_WIDTHD" = "4"
    Info (12134): Parameter "LPM_NREPRESENTATION" = "UNSIGNED"
    Info (12134): Parameter "LPM_DREPRESENTATION" = "UNSIGNED"
Info (12021): Found 1 design units, including 1 entities, in source file db/lpm_divide_itl.tdf
    Info (12023): Found entity 1: lpm_divide_itl File: C:/Users/ryank/OneDrive/Documents/School/ECE215/ECE215_Final_Project/db/lpm_divide_itl.tdf Line: 25
Info (12021): Found 1 design units, including 1 entities, in source file db/sign_div_unsign_klh.tdf
    Info (12023): Found entity 1: sign_div_unsign_klh File: C:/Users/ryank/OneDrive/Documents/School/ECE215/ECE215_Final_Project/db/sign_div_unsign_klh.tdf Line: 25
Info (12021): Found 1 design units, including 1 entities, in source file db/alt_u_div_ihe.tdf
    Info (12023): Found entity 1: alt_u_div_ihe File: C:/Users/ryank/OneDrive/Documents/School/ECE215/ECE215_Final_Project/db/alt_u_div_ihe.tdf Line: 27
Info (12130): Elaborated megafunction instantiation "lpm_divide:Mod0" File: C:/Users/ryank/OneDrive/Documents/School/ECE215/ECE215_Final_Project/FrequencyDetector.v Line: 68
Info (12133): Instantiated megafunction "lpm_divide:Mod0" with the following parameter: File: C:/Users/ryank/OneDrive/Documents/School/ECE215/ECE215_Final_Project/FrequencyDetector.v Line: 68
    Info (12134): Parameter "LPM_WIDTHN" = "10"
    Info (12134): Parameter "LPM_WIDTHD" = "4"
    Info (12134): Parameter "LPM_NREPRESENTATION" = "UNSIGNED"
    Info (12134): Parameter "LPM_DREPRESENTATION" = "UNSIGNED"
Info (12021): Found 1 design units, including 1 entities, in source file db/lpm_divide_lll.tdf
    Info (12023): Found entity 1: lpm_divide_lll File: C:/Users/ryank/OneDrive/Documents/School/ECE215/ECE215_Final_Project/db/lpm_divide_lll.tdf Line: 25
Info (12130): Elaborated megafunction instantiation "lpm_divide:Div1" File: C:/Users/ryank/OneDrive/Documents/School/ECE215/ECE215_Final_Project/FrequencyDetector.v Line: 67
Info (12133): Instantiated megafunction "lpm_divide:Div1" with the following parameter: File: C:/Users/ryank/OneDrive/Documents/School/ECE215/ECE215_Final_Project/FrequencyDetector.v Line: 67
    Info (12134): Parameter "LPM_WIDTHN" = "10"
    Info (12134): Parameter "LPM_WIDTHD" = "7"
    Info (12134): Parameter "LPM_NREPRESENTATION" = "UNSIGNED"
    Info (12134): Parameter "LPM_DREPRESENTATION" = "UNSIGNED"
Info (12021): Found 1 design units, including 1 entities, in source file db/lpm_divide_ltl.tdf
    Info (12023): Found entity 1: lpm_divide_ltl File: C:/Users/ryank/OneDrive/Documents/School/ECE215/ECE215_Final_Project/db/lpm_divide_ltl.tdf Line: 25
Info (12130): Elaborated megafunction instantiation "lpm_divide:Div0" File: C:/Users/ryank/OneDrive/Documents/School/ECE215/ECE215_Final_Project/FrequencyDetector.v Line: 60
Info (12133): Instantiated megafunction "lpm_divide:Div0" with the following parameter: File: C:/Users/ryank/OneDrive/Documents/School/ECE215/ECE215_Final_Project/FrequencyDetector.v Line: 60
    Info (12134): Parameter "LPM_WIDTHN" = "10"
    Info (12134): Parameter "LPM_WIDTHD" = "10"
    Info (12134): Parameter "LPM_NREPRESENTATION" = "UNSIGNED"
    Info (12134): Parameter "LPM_DREPRESENTATION" = "UNSIGNED"
Info (12021): Found 1 design units, including 1 entities, in source file db/lpm_divide_vul.tdf
    Info (12023): Found entity 1: lpm_divide_vul File: C:/Users/ryank/OneDrive/Documents/School/ECE215/ECE215_Final_Project/db/lpm_divide_vul.tdf Line: 25
Info (12021): Found 1 design units, including 1 entities, in source file db/sign_div_unsign_1nh.tdf
    Info (12023): Found entity 1: sign_div_unsign_1nh File: C:/Users/ryank/OneDrive/Documents/School/ECE215/ECE215_Final_Project/db/sign_div_unsign_1nh.tdf Line: 25
Info (12021): Found 1 design units, including 1 entities, in source file db/alt_u_div_cke.tdf
    Info (12023): Found entity 1: alt_u_div_cke File: C:/Users/ryank/OneDrive/Documents/School/ECE215/ECE215_Final_Project/db/alt_u_div_cke.tdf Line: 27
Warning (13024): Output pins are stuck at VCC or GND
    Warning (13410): Pin "HEX0[0]" is stuck at GND File: C:/Users/ryank/OneDrive/Documents/School/ECE215/ECE215_Final_Project/FrequencyDetector.v Line: 4
    Warning (13410): Pin "HEX0[1]" is stuck at GND File: C:/Users/ryank/OneDrive/Documents/School/ECE215/ECE215_Final_Project/FrequencyDetector.v Line: 4
    Warning (13410): Pin "HEX0[2]" is stuck at GND File: C:/Users/ryank/OneDrive/Documents/School/ECE215/ECE215_Final_Project/FrequencyDetector.v Line: 4
    Warning (13410): Pin "HEX0[3]" is stuck at GND File: C:/Users/ryank/OneDrive/Documents/School/ECE215/ECE215_Final_Project/FrequencyDetector.v Line: 4
    Warning (13410): Pin "HEX0[4]" is stuck at GND File: C:/Users/ryank/OneDrive/Documents/School/ECE215/ECE215_Final_Project/FrequencyDetector.v Line: 4
    Warning (13410): Pin "HEX0[5]" is stuck at GND File: C:/Users/ryank/OneDrive/Documents/School/ECE215/ECE215_Final_Project/FrequencyDetector.v Line: 4
    Warning (13410): Pin "HEX0[6]" is stuck at VCC File: C:/Users/ryank/OneDrive/Documents/School/ECE215/ECE215_Final_Project/FrequencyDetector.v Line: 4
    Warning (13410): Pin "HEX1[0]" is stuck at GND File: C:/Users/ryank/OneDrive/Documents/School/ECE215/ECE215_Final_Project/FrequencyDetector.v Line: 4
    Warning (13410): Pin "HEX1[1]" is stuck at GND File: C:/Users/ryank/OneDrive/Documents/School/ECE215/ECE215_Final_Project/FrequencyDetector.v Line: 4
    Warning (13410): Pin "HEX1[2]" is stuck at GND File: C:/Users/ryank/OneDrive/Documents/School/ECE215/ECE215_Final_Project/FrequencyDetector.v Line: 4
    Warning (13410): Pin "HEX1[3]" is stuck at GND File: C:/Users/ryank/OneDrive/Documents/School/ECE215/ECE215_Final_Project/FrequencyDetector.v Line: 4
    Warning (13410): Pin "HEX1[4]" is stuck at GND File: C:/Users/ryank/OneDrive/Documents/School/ECE215/ECE215_Final_Project/FrequencyDetector.v Line: 4
    Warning (13410): Pin "HEX1[5]" is stuck at GND File: C:/Users/ryank/OneDrive/Documents/School/ECE215/ECE215_Final_Project/FrequencyDetector.v Line: 4
    Warning (13410): Pin "HEX1[6]" is stuck at VCC File: C:/Users/ryank/OneDrive/Documents/School/ECE215/ECE215_Final_Project/FrequencyDetector.v Line: 4
    Warning (13410): Pin "HEX2[0]" is stuck at GND File: C:/Users/ryank/OneDrive/Documents/School/ECE215/ECE215_Final_Project/FrequencyDetector.v Line: 4
    Warning (13410): Pin "HEX2[1]" is stuck at GND File: C:/Users/ryank/OneDrive/Documents/School/ECE215/ECE215_Final_Project/FrequencyDetector.v Line: 4
    Warning (13410): Pin "HEX2[2]" is stuck at GND File: C:/Users/ryank/OneDrive/Documents/School/ECE215/ECE215_Final_Project/FrequencyDetector.v Line: 4
    Warning (13410): Pin "HEX2[3]" is stuck at GND File: C:/Users/ryank/OneDrive/Documents/School/ECE215/ECE215_Final_Project/FrequencyDetector.v Line: 4
    Warning (13410): Pin "HEX2[4]" is stuck at GND File: C:/Users/ryank/OneDrive/Documents/School/ECE215/ECE215_Final_Project/FrequencyDetector.v Line: 4
    Warning (13410): Pin "HEX2[5]" is stuck at GND File: C:/Users/ryank/OneDrive/Documents/School/ECE215/ECE215_Final_Project/FrequencyDetector.v Line: 4
    Warning (13410): Pin "HEX2[6]" is stuck at VCC File: C:/Users/ryank/OneDrive/Documents/School/ECE215/ECE215_Final_Project/FrequencyDetector.v Line: 4
    Warning (13410): Pin "HEX3[0]" is stuck at GND File: C:/Users/ryank/OneDrive/Documents/School/ECE215/ECE215_Final_Project/FrequencyDetector.v Line: 4
    Warning (13410): Pin "HEX3[1]" is stuck at GND File: C:/Users/ryank/OneDrive/Documents/School/ECE215/ECE215_Final_Project/FrequencyDetector.v Line: 4
    Warning (13410): Pin "HEX3[2]" is stuck at GND File: C:/Users/ryank/OneDrive/Documents/School/ECE215/ECE215_Final_Project/FrequencyDetector.v Line: 4
    Warning (13410): Pin "HEX3[3]" is stuck at GND File: C:/Users/ryank/OneDrive/Documents/School/ECE215/ECE215_Final_Project/FrequencyDetector.v Line: 4
    Warning (13410): Pin "HEX3[4]" is stuck at GND File: C:/Users/ryank/OneDrive/Documents/School/ECE215/ECE215_Final_Project/FrequencyDetector.v Line: 4
    Warning (13410): Pin "HEX3[5]" is stuck at GND File: C:/Users/ryank/OneDrive/Documents/School/ECE215/ECE215_Final_Project/FrequencyDetector.v Line: 4
    Warning (13410): Pin "HEX3[6]" is stuck at GND File: C:/Users/ryank/OneDrive/Documents/School/ECE215/ECE215_Final_Project/FrequencyDetector.v Line: 4
    Warning (13410): Pin "HEX4[0]" is stuck at GND File: C:/Users/ryank/OneDrive/Documents/School/ECE215/ECE215_Final_Project/FrequencyDetector.v Line: 4
    Warning (13410): Pin "HEX4[1]" is stuck at GND File: C:/Users/ryank/OneDrive/Documents/School/ECE215/ECE215_Final_Project/FrequencyDetector.v Line: 4
    Warning (13410): Pin "HEX4[2]" is stuck at GND File: C:/Users/ryank/OneDrive/Documents/School/ECE215/ECE215_Final_Project/FrequencyDetector.v Line: 4
    Warning (13410): Pin "HEX4[3]" is stuck at GND File: C:/Users/ryank/OneDrive/Documents/School/ECE215/ECE215_Final_Project/FrequencyDetector.v Line: 4
    Warning (13410): Pin "HEX4[4]" is stuck at GND File: C:/Users/ryank/OneDrive/Documents/School/ECE215/ECE215_Final_Project/FrequencyDetector.v Line: 4
    Warning (13410): Pin "HEX4[5]" is stuck at GND File: C:/Users/ryank/OneDrive/Documents/School/ECE215/ECE215_Final_Project/FrequencyDetector.v Line: 4
    Warning (13410): Pin "HEX4[6]" is stuck at GND File: C:/Users/ryank/OneDrive/Documents/School/ECE215/ECE215_Final_Project/FrequencyDetector.v Line: 4
    Warning (13410): Pin "HEX5[0]" is stuck at GND File: C:/Users/ryank/OneDrive/Documents/School/ECE215/ECE215_Final_Project/FrequencyDetector.v Line: 4
    Warning (13410): Pin "HEX5[1]" is stuck at GND File: C:/Users/ryank/OneDrive/Documents/School/ECE215/ECE215_Final_Project/FrequencyDetector.v Line: 4
    Warning (13410): Pin "HEX5[2]" is stuck at GND File: C:/Users/ryank/OneDrive/Documents/School/ECE215/ECE215_Final_Project/FrequencyDetector.v Line: 4
    Warning (13410): Pin "HEX5[3]" is stuck at GND File: C:/Users/ryank/OneDrive/Documents/School/ECE215/ECE215_Final_Project/FrequencyDetector.v Line: 4
    Warning (13410): Pin "HEX5[4]" is stuck at GND File: C:/Users/ryank/OneDrive/Documents/School/ECE215/ECE215_Final_Project/FrequencyDetector.v Line: 4
    Warning (13410): Pin "HEX5[5]" is stuck at GND File: C:/Users/ryank/OneDrive/Documents/School/ECE215/ECE215_Final_Project/FrequencyDetector.v Line: 4
    Warning (13410): Pin "HEX5[6]" is stuck at GND File: C:/Users/ryank/OneDrive/Documents/School/ECE215/ECE215_Final_Project/FrequencyDetector.v Line: 4
    Warning (13410): Pin "LEDR[0]" is stuck at VCC File: C:/Users/ryank/OneDrive/Documents/School/ECE215/ECE215_Final_Project/FrequencyDetector.v Line: 23
    Warning (13410): Pin "LEDR[1]" is stuck at GND File: C:/Users/ryank/OneDrive/Documents/School/ECE215/ECE215_Final_Project/FrequencyDetector.v Line: 6
    Warning (13410): Pin "LEDR[2]" is stuck at GND File: C:/Users/ryank/OneDrive/Documents/School/ECE215/ECE215_Final_Project/FrequencyDetector.v Line: 6
    Warning (13410): Pin "LEDR[3]" is stuck at GND File: C:/Users/ryank/OneDrive/Documents/School/ECE215/ECE215_Final_Project/FrequencyDetector.v Line: 6
    Warning (13410): Pin "LEDR[4]" is stuck at GND File: C:/Users/ryank/OneDrive/Documents/School/ECE215/ECE215_Final_Project/FrequencyDetector.v Line: 6
    Warning (13410): Pin "LEDR[5]" is stuck at GND File: C:/Users/ryank/OneDrive/Documents/School/ECE215/ECE215_Final_Project/FrequencyDetector.v Line: 6
    Warning (13410): Pin "LEDR[6]" is stuck at GND File: C:/Users/ryank/OneDrive/Documents/School/ECE215/ECE215_Final_Project/FrequencyDetector.v Line: 6
    Warning (13410): Pin "LEDR[7]" is stuck at GND File: C:/Users/ryank/OneDrive/Documents/School/ECE215/ECE215_Final_Project/FrequencyDetector.v Line: 6
    Warning (13410): Pin "LEDR[8]" is stuck at GND File: C:/Users/ryank/OneDrive/Documents/School/ECE215/ECE215_Final_Project/FrequencyDetector.v Line: 23
    Warning (13410): Pin "LEDR[9]" is stuck at GND File: C:/Users/ryank/OneDrive/Documents/School/ECE215/ECE215_Final_Project/FrequencyDetector.v Line: 23
Info (16010): Generating hard_block partition "hard_block:auto_generated_inst"
    Info (16011): Adding 0 node(s), including 0 DDIO, 0 PLL, 0 transceiver and 0 LCELL
Warning (21074): Design contains 15 input pin(s) that do not drive logic
    Warning (15610): No output dependent on input pin "KEY[0]" File: C:/Users/ryank/OneDrive/Documents/School/ECE215/ECE215_Final_Project/FrequencyDetector.v Line: 3
    Warning (15610): No output dependent on input pin "KEY[1]" File: C:/Users/ryank/OneDrive/Documents/School/ECE215/ECE215_Final_Project/FrequencyDetector.v Line: 3
    Warning (15610): No output dependent on input pin "KEY[0]__duplicate"
    Warning (15610): No output dependent on input pin "KEY[1]__duplicate"
    Warning (15610): No output dependent on input pin "SW[0]" File: C:/Users/ryank/OneDrive/Documents/School/ECE215/ECE215_Final_Project/FrequencyDetector.v Line: 8
    Warning (15610): No output dependent on input pin "SW[1]" File: C:/Users/ryank/OneDrive/Documents/School/ECE215/ECE215_Final_Project/FrequencyDetector.v Line: 8
    Warning (15610): No output dependent on input pin "SW[2]" File: C:/Users/ryank/OneDrive/Documents/School/ECE215/ECE215_Final_Project/FrequencyDetector.v Line: 8
    Warning (15610): No output dependent on input pin "SW[3]" File: C:/Users/ryank/OneDrive/Documents/School/ECE215/ECE215_Final_Project/FrequencyDetector.v Line: 8
    Warning (15610): No output dependent on input pin "SW[4]" File: C:/Users/ryank/OneDrive/Documents/School/ECE215/ECE215_Final_Project/FrequencyDetector.v Line: 8
    Warning (15610): No output dependent on input pin "SW[5]" File: C:/Users/ryank/OneDrive/Documents/School/ECE215/ECE215_Final_Project/FrequencyDetector.v Line: 8
    Warning (15610): No output dependent on input pin "SW[6]" File: C:/Users/ryank/OneDrive/Documents/School/ECE215/ECE215_Final_Project/FrequencyDetector.v Line: 8
    Warning (15610): No output dependent on input pin "SW[7]" File: C:/Users/ryank/OneDrive/Documents/School/ECE215/ECE215_Final_Project/FrequencyDetector.v Line: 8
    Warning (15610): No output dependent on input pin "SW[8]" File: C:/Users/ryank/OneDrive/Documents/School/ECE215/ECE215_Final_Project/FrequencyDetector.v Line: 8
    Warning (15610): No output dependent on input pin "SW[9]" File: C:/Users/ryank/OneDrive/Documents/School/ECE215/ECE215_Final_Project/FrequencyDetector.v Line: 8
    Warning (15610): No output dependent on input pin "MAX10_CLK1_50[0]" File: C:/Users/ryank/OneDrive/Documents/School/ECE215/ECE215_Final_Project/FrequencyDetector.v Line: 2
Info (21057): Implemented 67 device resources after synthesis - the final resource count might be different
    Info (21058): Implemented 15 input pins
    Info (21059): Implemented 52 output pins
Info: Quartus Prime Analysis & Synthesis was successful. 0 errors, 90 warnings
    Info: Peak virtual memory: 4750 megabytes
    Info: Processing ended: Thu Nov 16 12:13:21 2023
    Info: Elapsed time: 00:00:10
    Info: Total CPU time (on all processors): 00:00:12


